<?xml version="1.0" encoding="UTF-8"?>
<!-- Generated by org.testng.reporters.JUnitXMLReporter -->
<testsuite ignored="0" hostname="Mereena" failures="0" tests="5" name="Default test" time="10.772" errors="0" timestamp="2025-09-20T12:46:33 IST">
  <testcase classname="testpkg.HomePageTest" name="titleTest" time="0.05"/>
  <testcase classname="testpkg.HomePageTest" name="property" time="2.09"/>
  <testcase classname="testpkg.HomePageTest" name="logoVerificationTest" time="0.032"/>
  <testcase classname="testpkg.HomePageTest" name="viewDetailsTest" time="1.207"/>
  <testcase classname="testpkg.HomePageTest" name="QuickContactTest" time="0.982"/>
</testsuite> <!-- Default test -->
