<?xml version="1.0" encoding="UTF-8"?>
<testng-results ignored="0" total="5" passed="5" failed="0" skipped="0">
  <reporter-output>
  </reporter-output>
  <suite started-at="2025-09-20T12:46:22 IST" name="Default suite" finished-at="2025-09-20T12:46:33 IST" duration-ms="10772">
    <groups>
    </groups>
    <test started-at="2025-09-20T12:46:22 IST" name="Default test" finished-at="2025-09-20T12:46:33 IST" duration-ms="10772">
      <class name="testpkg.HomePageTest">
        <test-method is-config="true" signature="setup()[pri:0, instance:testpkg.HomePageTest@682b2fa]" started-at="2025-09-20T12:46:22 IST" name="setup" finished-at="2025-09-20T12:46:28 IST" duration-ms="5999" status="PASS">
          <reporter-output>
          </reporter-output>
        </test-method> <!-- setup -->
        <test-method is-config="true" signature="method()[pri:0, instance:testpkg.HomePageTest@682b2fa]" started-at="2025-09-20T12:46:28 IST" name="method" finished-at="2025-09-20T12:46:28 IST" duration-ms="25" status="PASS">
          <reporter-output>
          </reporter-output>
        </test-method> <!-- method -->
        <test-method signature="titleTest()[pri:1, instance:testpkg.HomePageTest@682b2fa]" started-at="2025-09-20T12:46:28 IST" name="titleTest" finished-at="2025-09-20T12:46:29 IST" duration-ms="50" status="PASS">
          <reporter-output>
          </reporter-output>
        </test-method> <!-- titleTest -->
        <test-method is-config="true" signature="method()[pri:0, instance:testpkg.HomePageTest@682b2fa]" started-at="2025-09-20T12:46:29 IST" name="method" finished-at="2025-09-20T12:46:29 IST" duration-ms="1" status="PASS">
          <reporter-output>
          </reporter-output>
        </test-method> <!-- method -->
        <test-method signature="property()[pri:2, instance:testpkg.HomePageTest@682b2fa]" started-at="2025-09-20T12:46:29 IST" name="property" finished-at="2025-09-20T12:46:31 IST" duration-ms="2090" status="PASS">
          <reporter-output>
          </reporter-output>
        </test-method> <!-- property -->
        <test-method is-config="true" signature="method()[pri:0, instance:testpkg.HomePageTest@682b2fa]" started-at="2025-09-20T12:46:31 IST" name="method" finished-at="2025-09-20T12:46:31 IST" duration-ms="1" status="PASS">
          <reporter-output>
          </reporter-output>
        </test-method> <!-- method -->
        <test-method signature="logoVerificationTest()[pri:3, instance:testpkg.HomePageTest@682b2fa]" started-at="2025-09-20T12:46:31 IST" name="logoVerificationTest" finished-at="2025-09-20T12:46:31 IST" duration-ms="32" status="PASS">
          <reporter-output>
          </reporter-output>
        </test-method> <!-- logoVerificationTest -->
        <test-method signature="viewDetailsTest()[pri:4, instance:testpkg.HomePageTest@682b2fa]" started-at="2025-09-20T12:46:31 IST" name="viewDetailsTest" finished-at="2025-09-20T12:46:32 IST" duration-ms="1207" status="PASS">
          <reporter-output>
          </reporter-output>
        </test-method> <!-- viewDetailsTest -->
        <test-method is-config="true" signature="method()[pri:0, instance:testpkg.HomePageTest@682b2fa]" started-at="2025-09-20T12:46:31 IST" name="method" finished-at="2025-09-20T12:46:31 IST" duration-ms="0" status="PASS">
          <reporter-output>
          </reporter-output>
        </test-method> <!-- method -->
        <test-method signature="QuickContactTest()[pri:5, instance:testpkg.HomePageTest@682b2fa]" started-at="2025-09-20T12:46:32 IST" name="QuickContactTest" finished-at="2025-09-20T12:46:33 IST" duration-ms="982" status="PASS">
          <reporter-output>
          </reporter-output>
        </test-method> <!-- QuickContactTest -->
        <test-method is-config="true" signature="method()[pri:0, instance:testpkg.HomePageTest@682b2fa]" started-at="2025-09-20T12:46:32 IST" name="method" finished-at="2025-09-20T12:46:32 IST" duration-ms="0" status="PASS">
          <reporter-output>
          </reporter-output>
        </test-method> <!-- method -->
        <test-method is-config="true" signature="tearDown()[pri:0, instance:testpkg.HomePageTest@682b2fa]" started-at="2025-09-20T12:46:33 IST" name="tearDown" finished-at="2025-09-20T12:46:33 IST" duration-ms="263" status="PASS">
          <reporter-output>
          </reporter-output>
        </test-method> <!-- tearDown -->
      </class> <!-- testpkg.HomePageTest -->
    </test> <!-- Default test -->
  </suite> <!-- Default suite -->
</testng-results>
